0 info it worked if it ends with ok
1 verbose cli [ '/Users/ethanmuller/.nvm/versions/node/v4.3.1/bin/node',
1 verbose cli   '/Users/ethanmuller/.nvm/versions/node/v4.3.1/bin/npm',
1 verbose cli   'publish' ]
2 info using npm@3.7.3
3 info using node@v4.3.1
4 verbose publish [ '.' ]
5 silly cache add args [ '.', null ]
6 verbose cache add spec .
7 silly cache add parsed spec Result {
7 silly cache add   raw: '.',
7 silly cache add   scope: null,
7 silly cache add   name: null,
7 silly cache add   rawSpec: '.',
7 silly cache add   spec: '/Users/ethanmuller/github/encouraging-cow',
7 silly cache add   type: 'directory' }
8 verbose addLocalDirectory /Users/ethanmuller/.npm/encouraging-cow/1.0.1/package.tgz not in flight; packing
9 verbose correctMkdir /Users/ethanmuller/.npm correctMkdir not in flight; initializing
10 info lifecycle encouraging-cow@1.0.1~prepublish: encouraging-cow@1.0.1
11 silly lifecycle encouraging-cow@1.0.1~prepublish: no script for prepublish, continuing
12 verbose tar pack [ '/Users/ethanmuller/.npm/encouraging-cow/1.0.1/package.tgz',
12 verbose tar pack   '/Users/ethanmuller/github/encouraging-cow' ]
13 verbose tarball /Users/ethanmuller/.npm/encouraging-cow/1.0.1/package.tgz
14 verbose folder /Users/ethanmuller/github/encouraging-cow
15 verbose addLocalTarball adding from inside cache /Users/ethanmuller/.npm/encouraging-cow/1.0.1/package.tgz
16 verbose correctMkdir /Users/ethanmuller/.npm correctMkdir not in flight; initializing
17 silly cache afterAdd encouraging-cow@1.0.1
18 verbose afterAdd /Users/ethanmuller/.npm/encouraging-cow/1.0.1/package/package.json not in flight; writing
19 verbose correctMkdir /Users/ethanmuller/.npm correctMkdir not in flight; initializing
20 verbose afterAdd /Users/ethanmuller/.npm/encouraging-cow/1.0.1/package/package.json written
21 silly publish { name: 'encouraging-cow',
21 silly publish   version: '1.0.1',
21 silly publish   description: 'Because sometimes you need a little encouragement from a cow',
21 silly publish   main: 'index.js',
21 silly publish   bin: { 'encouraging-cow': 'index.js' },
21 silly publish   scripts: { test: 'echo "Error: no test specified" && exit 1' },
21 silly publish   keywords: [ 'cow', 'cowsay' ],
21 silly publish   author: { name: 'Ethan Muller' },
21 silly publish   license: 'ISC',
21 silly publish   dependencies: { cowsay: '^1.1.3' },
21 silly publish   readme: '# Encouraging Cow\n\n```\n$ npm install -g encouraging-cow\n$ encouraging-cow\n```\n\n```\n _____________________________________ \n/ Because sometimes you need a little \\\n\\ encouragement from a cow            /\n ------------------------------------- \n        \\   ^__^\n         \\  (oo)\\_______\n            (__)\\       )\\/\\\n                ||----w |\n                ||     ||\n```\n',
21 silly publish   readmeFilename: 'README.md',
21 silly publish   gitHead: '625d44dd8fa5a93ddb5a11117eeb3c3cc91e8ce8',
21 silly publish   _id: 'encouraging-cow@1.0.1',
21 silly publish   _shasum: '74a056fbfba06e566d48e0ed3f9018e0380267e8',
21 silly publish   _from: '.' }
22 verbose getPublishConfig undefined
23 silly mapToRegistry name encouraging-cow
24 silly mapToRegistry using default registry
25 silly mapToRegistry registry https://registry.npmjs.org/
26 silly mapToRegistry uri https://registry.npmjs.org/encouraging-cow
27 verbose publish registryBase https://registry.npmjs.org/
28 silly publish uploading /Users/ethanmuller/.npm/encouraging-cow/1.0.1/package.tgz
29 verbose request uri https://registry.npmjs.org/encouraging-cow
30 verbose request sending authorization for write operation
31 info attempt registry request try #1 at 1:55:45 PM
32 verbose request using bearer token for auth
33 verbose request id c250c1ad78bdd046
34 http request PUT https://registry.npmjs.org/encouraging-cow
35 http 403 https://registry.npmjs.org/encouraging-cow
36 verbose headers { 'content-type': 'application/json',
36 verbose headers   'cache-control': 'max-age=300',
36 verbose headers   'content-length': '95',
36 verbose headers   'accept-ranges': 'bytes',
36 verbose headers   date: 'Sat, 20 Feb 2016 19:55:46 GMT',
36 verbose headers   via: '1.1 varnish',
36 verbose headers   connection: 'keep-alive',
36 verbose headers   'x-served-by': 'cache-jfk1041-JFK',
36 verbose headers   'x-cache': 'MISS',
36 verbose headers   'x-cache-hits': '0',
36 verbose headers   'x-timer': 'S1455998145.851499,VS0,VE726' }
37 verbose request invalidating /Users/ethanmuller/.npm/registry.npmjs.org/encouraging-cow on PUT
38 error publish Failed PUT 403
39 verbose stack Error: "You cannot publish over the previously published version 1.0.1." : encouraging-cow
39 verbose stack     at makeError (/Users/ethanmuller/.nvm/versions/node/v4.3.1/lib/node_modules/npm/node_modules/npm-registry-client/lib/request.js:264:12)
39 verbose stack     at CachingRegistryClient.<anonymous> (/Users/ethanmuller/.nvm/versions/node/v4.3.1/lib/node_modules/npm/node_modules/npm-registry-client/lib/request.js:252:14)
39 verbose stack     at Request._callback (/Users/ethanmuller/.nvm/versions/node/v4.3.1/lib/node_modules/npm/node_modules/npm-registry-client/lib/request.js:172:14)
39 verbose stack     at Request.self.callback (/Users/ethanmuller/.nvm/versions/node/v4.3.1/lib/node_modules/npm/node_modules/request/request.js:199:22)
39 verbose stack     at emitTwo (events.js:87:13)
39 verbose stack     at Request.emit (events.js:172:7)
39 verbose stack     at Request.<anonymous> (/Users/ethanmuller/.nvm/versions/node/v4.3.1/lib/node_modules/npm/node_modules/request/request.js:1036:10)
39 verbose stack     at emitOne (events.js:82:20)
39 verbose stack     at Request.emit (events.js:169:7)
39 verbose stack     at IncomingMessage.<anonymous> (/Users/ethanmuller/.nvm/versions/node/v4.3.1/lib/node_modules/npm/node_modules/request/request.js:963:12)
40 verbose statusCode 403
41 verbose pkgid encouraging-cow
42 verbose cwd /Users/ethanmuller/github/encouraging-cow
43 error Darwin 15.3.0
44 error argv "/Users/ethanmuller/.nvm/versions/node/v4.3.1/bin/node" "/Users/ethanmuller/.nvm/versions/node/v4.3.1/bin/npm" "publish"
45 error node v4.3.1
46 error npm  v3.7.3
47 error code E403
48 error "You cannot publish over the previously published version 1.0.1." : encouraging-cow
49 error If you need help, you may report this error at:
49 error     <https://github.com/npm/npm/issues>
50 verbose exit [ 1, true ]
